<?xml version="1.0" encoding="UTF-8"?>
<!-- Generated by org.testng.reporters.JUnitReportReporter -->
<testsuite hostname="richardssaji-MacBook-Pro" failures="0" tests="2" name="tests.InventoryTest" time="1.811" errors="0" timestamp="2023-01-20T17:29:52 CET" skipped="0">
  <testcase classname="tests.InventoryTest" name="verifyRemovingFromCart" time="0.542"/>
  <system-out/>
  <testcase classname="tests.InventoryTest" name="verifyaddItemToCart" time="1.269"/>
  <system-out/>
</testsuite> <!-- tests.InventoryTest -->
