<?xml version="1.0" encoding="UTF-8"?>
<!-- Generated by org.testng.reporters.JUnitReportReporter -->
<testsuite hostname="richardssaji-MacBook-Pro" failures="0" tests="3" name="tests.LoginPageTest" time="7.576" errors="0" timestamp="2023-01-20T17:29:52 CET" skipped="0">
  <testcase classname="tests.LoginPageTest" name="verifyLogin" time="2.565"/>
  <system-out/>
  <testcase classname="tests.LoginPageTest" name="verifyInvalidLoginCredentials" time="3.736"/>
  <system-out/>
  <testcase classname="tests.LoginPageTest" name="verifyInvalidLoginCredentials" time="1.275"/>
  <system-out/>
</testsuite> <!-- tests.LoginPageTest -->
