<?xml version="1.0" encoding="UTF-8"?>
<!-- Generated by org.testng.reporters.JUnitReportReporter -->
<testsuite hostname="richardssaji-MacBook-Pro" failures="0" tests="1" name="backendTest.PetTest" time="0.000" errors="0" timestamp="2023-01-20T02:17:51 CET" skipped="0">
  <testcase classname="backendTest.PetTest" name="verifyCheckingOutAnItem" time="0.000"/>
  <system-out/>
</testsuite> <!-- backendTest.PetTest -->
