<?xml version="1.0" encoding="UTF-8"?>
<!-- Generated by org.testng.reporters.JUnitReportReporter -->
<testsuite hostname="richardssaji-MacBook-Pro" failures="0" tests="1" name="tests.CheckoutTest" time="2.696" errors="0" timestamp="2023-01-20T17:29:52 CET" skipped="0">
  <testcase classname="tests.CheckoutTest" name="verifyCheckingOutAnItem" time="2.696"/>
  <system-out/>
</testsuite> <!-- tests.CheckoutTest -->
