<?xml version="1.0" encoding="UTF-8"?>
<testsuite xmlns:xsi="http://www.w3.org/2001/XMLSchema-instance" xsi:noNamespaceSchemaLocation="https://maven.apache.org/surefire/maven-surefire-plugin/xsd/surefire-test-report-3.0.xsd" version="3.0" name="TestSuite" time="48.532" tests="4" errors="0" skipped="0" failures="1">
  <properties>
    <property name="java.specification.version" value="17"/>
    <property name="sun.jnu.encoding" value="UTF-8"/>
    <property name="java.class.path" value="/Users/amilus/Projects/Personal/mixmax-code-challenge/target/test-classes:/Users/amilus/Projects/Personal/mixmax-code-challenge/target/classes:/Users/amilus/.m2/repository/com/fasterxml/jackson/core/jackson-databind/2.14.2/jackson-databind-2.14.2.jar:/Users/amilus/.m2/repository/com/fasterxml/jackson/core/jackson-annotations/2.14.2/jackson-annotations-2.14.2.jar:/Users/amilus/.m2/repository/com/fasterxml/jackson/core/jackson-core/2.14.2/jackson-core-2.14.2.jar:/Users/amilus/.m2/repository/org/assertj/assertj-core/3.22.0/assertj-core-3.22.0.jar:/Users/amilus/.m2/repository/org/seleniumhq/selenium/selenium-java/4.8.0/selenium-java-4.8.0.jar:/Users/amilus/.m2/repository/org/seleniumhq/selenium/selenium-api/4.8.0/selenium-api-4.8.0.jar:/Users/amilus/.m2/repository/org/seleniumhq/selenium/selenium-chrome-driver/4.8.0/selenium-chrome-driver-4.8.0.jar:/Users/amilus/.m2/repository/com/google/auto/service/auto-service-annotations/1.0.1/auto-service-annotations-1.0.1.jar:/Users/amilus/.m2/repository/com/google/auto/service/auto-service/1.0.1/auto-service-1.0.1.jar:/Users/amilus/.m2/repository/com/google/auto/auto-common/1.2/auto-common-1.2.jar:/Users/amilus/.m2/repository/com/google/guava/guava/31.1-jre/guava-31.1-jre.jar:/Users/amilus/.m2/repository/com/google/guava/failureaccess/1.0.1/failureaccess-1.0.1.jar:/Users/amilus/.m2/repository/com/google/guava/listenablefuture/9999.0-empty-to-avoid-conflict-with-guava/listenablefuture-9999.0-empty-to-avoid-conflict-with-guava.jar:/Users/amilus/.m2/repository/com/google/code/findbugs/jsr305/3.0.2/jsr305-3.0.2.jar:/Users/amilus/.m2/repository/org/checkerframework/checker-qual/3.12.0/checker-qual-3.12.0.jar:/Users/amilus/.m2/repository/com/google/errorprone/error_prone_annotations/2.11.0/error_prone_annotations-2.11.0.jar:/Users/amilus/.m2/repository/com/google/j2objc/j2objc-annotations/1.3/j2objc-annotations-1.3.jar:/Users/amilus/.m2/repository/org/seleniumhq/selenium/selenium-chromium-driver/4.8.0/selenium-chromium-driver-4.8.0.jar:/Users/amilus/.m2/repository/org/seleniumhq/selenium/selenium-json/4.8.0/selenium-json-4.8.0.jar:/Users/amilus/.m2/repository/org/seleniumhq/selenium/selenium-devtools-v107/4.8.0/selenium-devtools-v107-4.8.0.jar:/Users/amilus/.m2/repository/org/seleniumhq/selenium/selenium-devtools-v108/4.8.0/selenium-devtools-v108-4.8.0.jar:/Users/amilus/.m2/repository/org/seleniumhq/selenium/selenium-devtools-v109/4.8.0/selenium-devtools-v109-4.8.0.jar:/Users/amilus/.m2/repository/org/seleniumhq/selenium/selenium-devtools-v85/4.8.0/selenium-devtools-v85-4.8.0.jar:/Users/amilus/.m2/repository/org/seleniumhq/selenium/selenium-edge-driver/4.8.0/selenium-edge-driver-4.8.0.jar:/Users/amilus/.m2/repository/org/seleniumhq/selenium/selenium-firefox-driver/4.8.0/selenium-firefox-driver-4.8.0.jar:/Users/amilus/.m2/repository/org/seleniumhq/selenium/selenium-http/4.8.0/selenium-http-4.8.0.jar:/Users/amilus/.m2/repository/dev/failsafe/failsafe/3.3.0/failsafe-3.3.0.jar:/Users/amilus/.m2/repository/org/seleniumhq/selenium/selenium-ie-driver/4.8.0/selenium-ie-driver-4.8.0.jar:/Users/amilus/.m2/repository/org/seleniumhq/selenium/selenium-remote-driver/4.8.0/selenium-remote-driver-4.8.0.jar:/Users/amilus/.m2/repository/io/netty/netty-buffer/4.1.87.Final/netty-buffer-4.1.87.Final.jar:/Users/amilus/.m2/repository/io/netty/netty-codec-http/4.1.87.Final/netty-codec-http-4.1.87.Final.jar:/Users/amilus/.m2/repository/io/netty/netty-codec/4.1.87.Final/netty-codec-4.1.87.Final.jar:/Users/amilus/.m2/repository/io/netty/netty-handler/4.1.87.Final/netty-handler-4.1.87.Final.jar:/Users/amilus/.m2/repository/io/netty/netty-common/4.1.87.Final/netty-common-4.1.87.Final.jar:/Users/amilus/.m2/repository/io/netty/netty-transport-classes-epoll/4.1.87.Final/netty-transport-classes-epoll-4.1.87.Final.jar:/Users/amilus/.m2/repository/io/netty/netty-transport-classes-kqueue/4.1.87.Final/netty-transport-classes-kqueue-4.1.87.Final.jar:/Users/amilus/.m2/repository/io/netty/netty-transport-native-epoll/4.1.87.Final/netty-transport-native-epoll-4.1.87.Final.jar:/Users/amilus/.m2/repository/io/netty/netty-transport-native-kqueue/4.1.87.Final/netty-transport-native-kqueue-4.1.87.Final.jar:/Users/amilus/.m2/repository/io/netty/netty-transport-native-unix-common/4.1.87.Final/netty-transport-native-unix-common-4.1.87.Final.jar:/Users/amilus/.m2/repository/io/netty/netty-transport/4.1.87.Final/netty-transport-4.1.87.Final.jar:/Users/amilus/.m2/repository/io/netty/netty-resolver/4.1.87.Final/netty-resolver-4.1.87.Final.jar:/Users/amilus/.m2/repository/io/opentelemetry/opentelemetry-api/1.22.0/opentelemetry-api-1.22.0.jar:/Users/amilus/.m2/repository/io/opentelemetry/opentelemetry-context/1.22.0/opentelemetry-context-1.22.0.jar:/Users/amilus/.m2/repository/io/opentelemetry/opentelemetry-exporter-logging/1.22.0/opentelemetry-exporter-logging-1.22.0.jar:/Users/amilus/.m2/repository/io/opentelemetry/opentelemetry-sdk-metrics/1.22.0/opentelemetry-sdk-metrics-1.22.0.jar:/Users/amilus/.m2/repository/io/opentelemetry/opentelemetry-sdk-logs/1.22.0-alpha/opentelemetry-sdk-logs-1.22.0-alpha.jar:/Users/amilus/.m2/repository/io/opentelemetry/opentelemetry-api-logs/1.22.0-alpha/opentelemetry-api-logs-1.22.0-alpha.jar:/Users/amilus/.m2/repository/io/opentelemetry/opentelemetry-sdk-common/1.22.0/opentelemetry-sdk-common-1.22.0.jar:/Users/amilus/.m2/repository/io/opentelemetry/opentelemetry-sdk-extension-autoconfigure-spi/1.22.0/opentelemetry-sdk-extension-autoconfigure-spi-1.22.0.jar:/Users/amilus/.m2/repository/io/opentelemetry/opentelemetry-sdk-extension-autoconfigure/1.22.0-alpha/opentelemetry-sdk-extension-autoconfigure-1.22.0-alpha.jar:/Users/amilus/.m2/repository/io/opentelemetry/opentelemetry-sdk-trace/1.22.0/opentelemetry-sdk-trace-1.22.0.jar:/Users/amilus/.m2/repository/io/opentelemetry/opentelemetry-sdk/1.22.0/opentelemetry-sdk-1.22.0.jar:/Users/amilus/.m2/repository/io/opentelemetry/opentelemetry-semconv/1.22.0-alpha/opentelemetry-semconv-1.22.0-alpha.jar:/Users/amilus/.m2/repository/io/ous/jtoml/2.0.0/jtoml-2.0.0.jar:/Users/amilus/.m2/repository/net/bytebuddy/byte-buddy/1.12.22/byte-buddy-1.12.22.jar:/Users/amilus/.m2/repository/org/apache/commons/commons-exec/1.3/commons-exec-1.3.jar:/Users/amilus/.m2/repository/org/asynchttpclient/async-http-client/2.12.3/async-http-client-2.12.3.jar:/Users/amilus/.m2/repository/org/asynchttpclient/async-http-client-netty-utils/2.12.3/async-http-client-netty-utils-2.12.3.jar:/Users/amilus/.m2/repository/io/netty/netty-codec-socks/4.1.60.Final/netty-codec-socks-4.1.60.Final.jar:/Users/amilus/.m2/repository/io/netty/netty-handler-proxy/4.1.60.Final/netty-handler-proxy-4.1.60.Final.jar:/Users/amilus/.m2/repository/io/netty/netty-transport-native-epoll/4.1.60.Final/netty-transport-native-epoll-4.1.60.Final-linux-x86_64.jar:/Users/amilus/.m2/repository/io/netty/netty-transport-native-kqueue/4.1.60.Final/netty-transport-native-kqueue-4.1.60.Final-osx-x86_64.jar:/Users/amilus/.m2/repository/org/reactivestreams/reactive-streams/1.0.3/reactive-streams-1.0.3.jar:/Users/amilus/.m2/repository/com/typesafe/netty/netty-reactive-streams/2.0.4/netty-reactive-streams-2.0.4.jar:/Users/amilus/.m2/repository/com/sun/activation/jakarta.activation/1.2.2/jakarta.activation-1.2.2.jar:/Users/amilus/.m2/repository/org/seleniumhq/selenium/selenium-manager/4.8.0/selenium-manager-4.8.0.jar:/Users/amilus/.m2/repository/org/seleniumhq/selenium/selenium-safari-driver/4.8.0/selenium-safari-driver-4.8.0.jar:/Users/amilus/.m2/repository/org/seleniumhq/selenium/selenium-support/4.8.0/selenium-support-4.8.0.jar:/Users/amilus/.m2/repository/org/testng/testng/7.7.1/testng-7.7.1.jar:/Users/amilus/.m2/repository/org/slf4j/slf4j-api/1.7.36/slf4j-api-1.7.36.jar:/Users/amilus/.m2/repository/com/beust/jcommander/1.82/jcommander-1.82.jar:/Users/amilus/.m2/repository/org/webjars/jquery/3.6.1/jquery-3.6.1.jar:/Users/amilus/.m2/repository/org/projectlombok/lombok/1.18.24/lombok-1.18.24.jar:/Users/amilus/.m2/repository/com/aventstack/extentreports/3.1.5/extentreports-3.1.5.jar:/Users/amilus/.m2/repository/org/freemarker/freemarker/2.3.23/freemarker-2.3.23.jar:/Users/amilus/.m2/repository/org/mongodb/mongodb-driver/3.3.0/mongodb-driver-3.3.0.jar:/Users/amilus/.m2/repository/org/mongodb/bson/3.3.0/bson-3.3.0.jar:/Users/amilus/.m2/repository/org/mongodb/mongodb-driver-core/3.3.0/mongodb-driver-core-3.3.0.jar:/Users/amilus/.m2/repository/org/apache/httpcomponents/httpclient/4.5.2/httpclient-4.5.2.jar:/Users/amilus/.m2/repository/org/apache/httpcomponents/httpcore/4.4.4/httpcore-4.4.4.jar:/Users/amilus/.m2/repository/commons-logging/commons-logging/1.2/commons-logging-1.2.jar:/Users/amilus/.m2/repository/org/apache/httpcomponents/httpmime/4.5.2/httpmime-4.5.2.jar:/Users/amilus/.m2/repository/org/jsoup/jsoup/1.9.2/jsoup-1.9.2.jar:/Users/amilus/.m2/repository/com/google/code/gson/gson/2.8.0/gson-2.8.0.jar:/Users/amilus/.m2/repository/io/rest-assured/rest-assured/5.3.0/rest-assured-5.3.0.jar:/Users/amilus/.m2/repository/org/apache/groovy/groovy/4.0.6/groovy-4.0.6.jar:/Users/amilus/.m2/repository/org/apache/groovy/groovy-xml/4.0.6/groovy-xml-4.0.6.jar:/Users/amilus/.m2/repository/org/hamcrest/hamcrest/2.1/hamcrest-2.1.jar:/Users/amilus/.m2/repository/org/ccil/cowan/tagsoup/tagsoup/1.2.1/tagsoup-1.2.1.jar:/Users/amilus/.m2/repository/io/rest-assured/xml-path/5.3.0/xml-path-5.3.0.jar:/Users/amilus/.m2/repository/io/rest-assured/json-path/5.3.0/json-path-5.3.0.jar:/Users/amilus/.m2/repository/org/apache/groovy/groovy-json/4.0.6/groovy-json-4.0.6.jar:/Users/amilus/.m2/repository/io/rest-assured/rest-assured-common/5.3.0/rest-assured-common-5.3.0.jar:/Users/amilus/.m2/repository/org/apache/logging/log4j/log4j-api/2.20.0/log4j-api-2.20.0.jar:/Users/amilus/.m2/repository/org/apache/logging/log4j/log4j-core/2.20.0/log4j-core-2.20.0.jar:/Users/amilus/.m2/repository/org/apache/commons/commons-lang3/3.12.0/commons-lang3-3.12.0.jar:/Users/amilus/.m2/repository/org/apache/poi/poi/4.1.2/poi-4.1.2.jar:/Users/amilus/.m2/repository/commons-codec/commons-codec/1.13/commons-codec-1.13.jar:/Users/amilus/.m2/repository/org/apache/commons/commons-collections4/4.4/commons-collections4-4.4.jar:/Users/amilus/.m2/repository/org/apache/commons/commons-math3/3.6.1/commons-math3-3.6.1.jar:/Users/amilus/.m2/repository/com/zaxxer/SparseBitSet/1.2/SparseBitSet-1.2.jar:/Users/amilus/.m2/repository/org/apache/poi/poi-ooxml/4.1.2/poi-ooxml-4.1.2.jar:/Users/amilus/.m2/repository/org/apache/poi/poi-ooxml-schemas/4.1.2/poi-ooxml-schemas-4.1.2.jar:/Users/amilus/.m2/repository/org/apache/xmlbeans/xmlbeans/3.1.0/xmlbeans-3.1.0.jar:/Users/amilus/.m2/repository/org/apache/commons/commons-compress/1.19/commons-compress-1.19.jar:/Users/amilus/.m2/repository/com/github/virtuald/curvesapi/1.06/curvesapi-1.06.jar:/Users/amilus/.m2/repository/commons-io/commons-io/2.11.0/commons-io-2.11.0.jar:/Users/amilus/.m2/repository/org/aspectj/aspectjweaver/1.9.6/aspectjweaver-1.9.6.jar:/Users/amilus/.m2/repository/com/github/javafaker/javafaker/1.0.2/javafaker-1.0.2.jar:/Users/amilus/.m2/repository/org/yaml/snakeyaml/1.23/snakeyaml-1.23-android.jar:/Users/amilus/.m2/repository/com/github/mifmif/generex/1.0.2/generex-1.0.2.jar:/Users/amilus/.m2/repository/dk/brics/automaton/automaton/1.11-8/automaton-1.11-8.jar:"/>
    <property name="java.vm.vendor" value="Azul Systems, Inc."/>
    <property name="sun.arch.data.model" value="64"/>
    <property name="java.vendor.url" value="http://www.azul.com/"/>
    <property name="user.timezone" value="Europe/Istanbul"/>
    <property name="os.name" value="Mac OS X"/>
    <property name="java.vm.specification.version" value="17"/>
    <property name="sun.java.launcher" value="SUN_STANDARD"/>
    <property name="user.country" value="TR"/>
    <property name="sun.boot.library.path" value="/Users/amilus/.sdkman/candidates/java/17.0.4.1-zulu/zulu-17.jdk/Contents/Home/lib"/>
    <property name="sun.java.command" value="/Users/amilus/Projects/Personal/mixmax-code-challenge/target/surefire/surefirebooter10087810223826645222.jar /Users/amilus/Projects/Personal/mixmax-code-challenge/target/surefire 2023-03-08T01-25-59_024-jvmRun1 surefire8724166175816111227tmp surefire_014390453252287521390tmp"/>
    <property name="jdk.debug" value="release"/>
    <property name="surefire.test.class.path" value="/Users/amilus/Projects/Personal/mixmax-code-challenge/target/test-classes:/Users/amilus/Projects/Personal/mixmax-code-challenge/target/classes:/Users/amilus/.m2/repository/com/fasterxml/jackson/core/jackson-databind/2.14.2/jackson-databind-2.14.2.jar:/Users/amilus/.m2/repository/com/fasterxml/jackson/core/jackson-annotations/2.14.2/jackson-annotations-2.14.2.jar:/Users/amilus/.m2/repository/com/fasterxml/jackson/core/jackson-core/2.14.2/jackson-core-2.14.2.jar:/Users/amilus/.m2/repository/org/assertj/assertj-core/3.22.0/assertj-core-3.22.0.jar:/Users/amilus/.m2/repository/org/seleniumhq/selenium/selenium-java/4.8.0/selenium-java-4.8.0.jar:/Users/amilus/.m2/repository/org/seleniumhq/selenium/selenium-api/4.8.0/selenium-api-4.8.0.jar:/Users/amilus/.m2/repository/org/seleniumhq/selenium/selenium-chrome-driver/4.8.0/selenium-chrome-driver-4.8.0.jar:/Users/amilus/.m2/repository/com/google/auto/service/auto-service-annotations/1.0.1/auto-service-annotations-1.0.1.jar:/Users/amilus/.m2/repository/com/google/auto/service/auto-service/1.0.1/auto-service-1.0.1.jar:/Users/amilus/.m2/repository/com/google/auto/auto-common/1.2/auto-common-1.2.jar:/Users/amilus/.m2/repository/com/google/guava/guava/31.1-jre/guava-31.1-jre.jar:/Users/amilus/.m2/repository/com/google/guava/failureaccess/1.0.1/failureaccess-1.0.1.jar:/Users/amilus/.m2/repository/com/google/guava/listenablefuture/9999.0-empty-to-avoid-conflict-with-guava/listenablefuture-9999.0-empty-to-avoid-conflict-with-guava.jar:/Users/amilus/.m2/repository/com/google/code/findbugs/jsr305/3.0.2/jsr305-3.0.2.jar:/Users/amilus/.m2/repository/org/checkerframework/checker-qual/3.12.0/checker-qual-3.12.0.jar:/Users/amilus/.m2/repository/com/google/errorprone/error_prone_annotations/2.11.0/error_prone_annotations-2.11.0.jar:/Users/amilus/.m2/repository/com/google/j2objc/j2objc-annotations/1.3/j2objc-annotations-1.3.jar:/Users/amilus/.m2/repository/org/seleniumhq/selenium/selenium-chromium-driver/4.8.0/selenium-chromium-driver-4.8.0.jar:/Users/amilus/.m2/repository/org/seleniumhq/selenium/selenium-json/4.8.0/selenium-json-4.8.0.jar:/Users/amilus/.m2/repository/org/seleniumhq/selenium/selenium-devtools-v107/4.8.0/selenium-devtools-v107-4.8.0.jar:/Users/amilus/.m2/repository/org/seleniumhq/selenium/selenium-devtools-v108/4.8.0/selenium-devtools-v108-4.8.0.jar:/Users/amilus/.m2/repository/org/seleniumhq/selenium/selenium-devtools-v109/4.8.0/selenium-devtools-v109-4.8.0.jar:/Users/amilus/.m2/repository/org/seleniumhq/selenium/selenium-devtools-v85/4.8.0/selenium-devtools-v85-4.8.0.jar:/Users/amilus/.m2/repository/org/seleniumhq/selenium/selenium-edge-driver/4.8.0/selenium-edge-driver-4.8.0.jar:/Users/amilus/.m2/repository/org/seleniumhq/selenium/selenium-firefox-driver/4.8.0/selenium-firefox-driver-4.8.0.jar:/Users/amilus/.m2/repository/org/seleniumhq/selenium/selenium-http/4.8.0/selenium-http-4.8.0.jar:/Users/amilus/.m2/repository/dev/failsafe/failsafe/3.3.0/failsafe-3.3.0.jar:/Users/amilus/.m2/repository/org/seleniumhq/selenium/selenium-ie-driver/4.8.0/selenium-ie-driver-4.8.0.jar:/Users/amilus/.m2/repository/org/seleniumhq/selenium/selenium-remote-driver/4.8.0/selenium-remote-driver-4.8.0.jar:/Users/amilus/.m2/repository/io/netty/netty-buffer/4.1.87.Final/netty-buffer-4.1.87.Final.jar:/Users/amilus/.m2/repository/io/netty/netty-codec-http/4.1.87.Final/netty-codec-http-4.1.87.Final.jar:/Users/amilus/.m2/repository/io/netty/netty-codec/4.1.87.Final/netty-codec-4.1.87.Final.jar:/Users/amilus/.m2/repository/io/netty/netty-handler/4.1.87.Final/netty-handler-4.1.87.Final.jar:/Users/amilus/.m2/repository/io/netty/netty-common/4.1.87.Final/netty-common-4.1.87.Final.jar:/Users/amilus/.m2/repository/io/netty/netty-transport-classes-epoll/4.1.87.Final/netty-transport-classes-epoll-4.1.87.Final.jar:/Users/amilus/.m2/repository/io/netty/netty-transport-classes-kqueue/4.1.87.Final/netty-transport-classes-kqueue-4.1.87.Final.jar:/Users/amilus/.m2/repository/io/netty/netty-transport-native-epoll/4.1.87.Final/netty-transport-native-epoll-4.1.87.Final.jar:/Users/amilus/.m2/repository/io/netty/netty-transport-native-kqueue/4.1.87.Final/netty-transport-native-kqueue-4.1.87.Final.jar:/Users/amilus/.m2/repository/io/netty/netty-transport-native-unix-common/4.1.87.Final/netty-transport-native-unix-common-4.1.87.Final.jar:/Users/amilus/.m2/repository/io/netty/netty-transport/4.1.87.Final/netty-transport-4.1.87.Final.jar:/Users/amilus/.m2/repository/io/netty/netty-resolver/4.1.87.Final/netty-resolver-4.1.87.Final.jar:/Users/amilus/.m2/repository/io/opentelemetry/opentelemetry-api/1.22.0/opentelemetry-api-1.22.0.jar:/Users/amilus/.m2/repository/io/opentelemetry/opentelemetry-context/1.22.0/opentelemetry-context-1.22.0.jar:/Users/amilus/.m2/repository/io/opentelemetry/opentelemetry-exporter-logging/1.22.0/opentelemetry-exporter-logging-1.22.0.jar:/Users/amilus/.m2/repository/io/opentelemetry/opentelemetry-sdk-metrics/1.22.0/opentelemetry-sdk-metrics-1.22.0.jar:/Users/amilus/.m2/repository/io/opentelemetry/opentelemetry-sdk-logs/1.22.0-alpha/opentelemetry-sdk-logs-1.22.0-alpha.jar:/Users/amilus/.m2/repository/io/opentelemetry/opentelemetry-api-logs/1.22.0-alpha/opentelemetry-api-logs-1.22.0-alpha.jar:/Users/amilus/.m2/repository/io/opentelemetry/opentelemetry-sdk-common/1.22.0/opentelemetry-sdk-common-1.22.0.jar:/Users/amilus/.m2/repository/io/opentelemetry/opentelemetry-sdk-extension-autoconfigure-spi/1.22.0/opentelemetry-sdk-extension-autoconfigure-spi-1.22.0.jar:/Users/amilus/.m2/repository/io/opentelemetry/opentelemetry-sdk-extension-autoconfigure/1.22.0-alpha/opentelemetry-sdk-extension-autoconfigure-1.22.0-alpha.jar:/Users/amilus/.m2/repository/io/opentelemetry/opentelemetry-sdk-trace/1.22.0/opentelemetry-sdk-trace-1.22.0.jar:/Users/amilus/.m2/repository/io/opentelemetry/opentelemetry-sdk/1.22.0/opentelemetry-sdk-1.22.0.jar:/Users/amilus/.m2/repository/io/opentelemetry/opentelemetry-semconv/1.22.0-alpha/opentelemetry-semconv-1.22.0-alpha.jar:/Users/amilus/.m2/repository/io/ous/jtoml/2.0.0/jtoml-2.0.0.jar:/Users/amilus/.m2/repository/net/bytebuddy/byte-buddy/1.12.22/byte-buddy-1.12.22.jar:/Users/amilus/.m2/repository/org/apache/commons/commons-exec/1.3/commons-exec-1.3.jar:/Users/amilus/.m2/repository/org/asynchttpclient/async-http-client/2.12.3/async-http-client-2.12.3.jar:/Users/amilus/.m2/repository/org/asynchttpclient/async-http-client-netty-utils/2.12.3/async-http-client-netty-utils-2.12.3.jar:/Users/amilus/.m2/repository/io/netty/netty-codec-socks/4.1.60.Final/netty-codec-socks-4.1.60.Final.jar:/Users/amilus/.m2/repository/io/netty/netty-handler-proxy/4.1.60.Final/netty-handler-proxy-4.1.60.Final.jar:/Users/amilus/.m2/repository/io/netty/netty-transport-native-epoll/4.1.60.Final/netty-transport-native-epoll-4.1.60.Final-linux-x86_64.jar:/Users/amilus/.m2/repository/io/netty/netty-transport-native-kqueue/4.1.60.Final/netty-transport-native-kqueue-4.1.60.Final-osx-x86_64.jar:/Users/amilus/.m2/repository/org/reactivestreams/reactive-streams/1.0.3/reactive-streams-1.0.3.jar:/Users/amilus/.m2/repository/com/typesafe/netty/netty-reactive-streams/2.0.4/netty-reactive-streams-2.0.4.jar:/Users/amilus/.m2/repository/com/sun/activation/jakarta.activation/1.2.2/jakarta.activation-1.2.2.jar:/Users/amilus/.m2/repository/org/seleniumhq/selenium/selenium-manager/4.8.0/selenium-manager-4.8.0.jar:/Users/amilus/.m2/repository/org/seleniumhq/selenium/selenium-safari-driver/4.8.0/selenium-safari-driver-4.8.0.jar:/Users/amilus/.m2/repository/org/seleniumhq/selenium/selenium-support/4.8.0/selenium-support-4.8.0.jar:/Users/amilus/.m2/repository/org/testng/testng/7.7.1/testng-7.7.1.jar:/Users/amilus/.m2/repository/org/slf4j/slf4j-api/1.7.36/slf4j-api-1.7.36.jar:/Users/amilus/.m2/repository/com/beust/jcommander/1.82/jcommander-1.82.jar:/Users/amilus/.m2/repository/org/webjars/jquery/3.6.1/jquery-3.6.1.jar:/Users/amilus/.m2/repository/org/projectlombok/lombok/1.18.24/lombok-1.18.24.jar:/Users/amilus/.m2/repository/com/aventstack/extentreports/3.1.5/extentreports-3.1.5.jar:/Users/amilus/.m2/repository/org/freemarker/freemarker/2.3.23/freemarker-2.3.23.jar:/Users/amilus/.m2/repository/org/mongodb/mongodb-driver/3.3.0/mongodb-driver-3.3.0.jar:/Users/amilus/.m2/repository/org/mongodb/bson/3.3.0/bson-3.3.0.jar:/Users/amilus/.m2/repository/org/mongodb/mongodb-driver-core/3.3.0/mongodb-driver-core-3.3.0.jar:/Users/amilus/.m2/repository/org/apache/httpcomponents/httpclient/4.5.2/httpclient-4.5.2.jar:/Users/amilus/.m2/repository/org/apache/httpcomponents/httpcore/4.4.4/httpcore-4.4.4.jar:/Users/amilus/.m2/repository/commons-logging/commons-logging/1.2/commons-logging-1.2.jar:/Users/amilus/.m2/repository/org/apache/httpcomponents/httpmime/4.5.2/httpmime-4.5.2.jar:/Users/amilus/.m2/repository/org/jsoup/jsoup/1.9.2/jsoup-1.9.2.jar:/Users/amilus/.m2/repository/com/google/code/gson/gson/2.8.0/gson-2.8.0.jar:/Users/amilus/.m2/repository/io/rest-assured/rest-assured/5.3.0/rest-assured-5.3.0.jar:/Users/amilus/.m2/repository/org/apache/groovy/groovy/4.0.6/groovy-4.0.6.jar:/Users/amilus/.m2/repository/org/apache/groovy/groovy-xml/4.0.6/groovy-xml-4.0.6.jar:/Users/amilus/.m2/repository/org/hamcrest/hamcrest/2.1/hamcrest-2.1.jar:/Users/amilus/.m2/repository/org/ccil/cowan/tagsoup/tagsoup/1.2.1/tagsoup-1.2.1.jar:/Users/amilus/.m2/repository/io/rest-assured/xml-path/5.3.0/xml-path-5.3.0.jar:/Users/amilus/.m2/repository/io/rest-assured/json-path/5.3.0/json-path-5.3.0.jar:/Users/amilus/.m2/repository/org/apache/groovy/groovy-json/4.0.6/groovy-json-4.0.6.jar:/Users/amilus/.m2/repository/io/rest-assured/rest-assured-common/5.3.0/rest-assured-common-5.3.0.jar:/Users/amilus/.m2/repository/org/apache/logging/log4j/log4j-api/2.20.0/log4j-api-2.20.0.jar:/Users/amilus/.m2/repository/org/apache/logging/log4j/log4j-core/2.20.0/log4j-core-2.20.0.jar:/Users/amilus/.m2/repository/org/apache/commons/commons-lang3/3.12.0/commons-lang3-3.12.0.jar:/Users/amilus/.m2/repository/org/apache/poi/poi/4.1.2/poi-4.1.2.jar:/Users/amilus/.m2/repository/commons-codec/commons-codec/1.13/commons-codec-1.13.jar:/Users/amilus/.m2/repository/org/apache/commons/commons-collections4/4.4/commons-collections4-4.4.jar:/Users/amilus/.m2/repository/org/apache/commons/commons-math3/3.6.1/commons-math3-3.6.1.jar:/Users/amilus/.m2/repository/com/zaxxer/SparseBitSet/1.2/SparseBitSet-1.2.jar:/Users/amilus/.m2/repository/org/apache/poi/poi-ooxml/4.1.2/poi-ooxml-4.1.2.jar:/Users/amilus/.m2/repository/org/apache/poi/poi-ooxml-schemas/4.1.2/poi-ooxml-schemas-4.1.2.jar:/Users/amilus/.m2/repository/org/apache/xmlbeans/xmlbeans/3.1.0/xmlbeans-3.1.0.jar:/Users/amilus/.m2/repository/org/apache/commons/commons-compress/1.19/commons-compress-1.19.jar:/Users/amilus/.m2/repository/com/github/virtuald/curvesapi/1.06/curvesapi-1.06.jar:/Users/amilus/.m2/repository/commons-io/commons-io/2.11.0/commons-io-2.11.0.jar:/Users/amilus/.m2/repository/org/aspectj/aspectjweaver/1.9.6/aspectjweaver-1.9.6.jar:/Users/amilus/.m2/repository/com/github/javafaker/javafaker/1.0.2/javafaker-1.0.2.jar:/Users/amilus/.m2/repository/org/yaml/snakeyaml/1.23/snakeyaml-1.23-android.jar:/Users/amilus/.m2/repository/com/github/mifmif/generex/1.0.2/generex-1.0.2.jar:/Users/amilus/.m2/repository/dk/brics/automaton/automaton/1.11-8/automaton-1.11-8.jar:"/>
    <property name="sun.cpu.endian" value="little"/>
    <property name="user.home" value="/Users/amilus"/>
    <property name="user.language" value="en"/>
    <property name="java.specification.vendor" value="Oracle Corporation"/>
    <property name="java.version.date" value="2022-08-12"/>
    <property name="java.home" value="/Users/amilus/.sdkman/candidates/java/17.0.4.1-zulu/zulu-17.jdk/Contents/Home"/>
    <property name="file.separator" value="/"/>
    <property name="basedir" value="/Users/amilus/Projects/Personal/mixmax-code-challenge"/>
    <property name="java.vm.compressedOopsMode" value="Zero based"/>
    <property name="line.separator" value="&#10;"/>
    <property name="java.vm.specification.vendor" value="Oracle Corporation"/>
    <property name="java.specification.name" value="Java Platform API Specification"/>
    <property name="surefire.real.class.path" value="/Users/amilus/Projects/Personal/mixmax-code-challenge/target/surefire/surefirebooter10087810223826645222.jar"/>
    <property name="sun.management.compiler" value="HotSpot 64-Bit Tiered Compilers"/>
    <property name="java.runtime.version" value="17.0.4.1+1-LTS"/>
    <property name="user.name" value="amilus"/>
    <property name="path.separator" value=":"/>
    <property name="os.version" value="13.2.1"/>
    <property name="java.runtime.name" value="OpenJDK Runtime Environment"/>
    <property name="file.encoding" value="UTF-8"/>
    <property name="java.vm.name" value="OpenJDK 64-Bit Server VM"/>
    <property name="java.vendor.version" value="Zulu17.36+17-CA"/>
    <property name="localRepository" value="/Users/amilus/.m2/repository"/>
    <property name="java.vendor.url.bug" value="http://www.azul.com/support/"/>
    <property name="java.io.tmpdir" value="/var/folders/20/xch7c6r53_59h5645cvtmryr0000gn/T/"/>
    <property name="java.version" value="17.0.4.1"/>
    <property name="user.dir" value="/Users/amilus/Projects/Personal/mixmax-code-challenge"/>
    <property name="os.arch" value="aarch64"/>
    <property name="java.vm.specification.name" value="Java Virtual Machine Specification"/>
    <property name="native.encoding" value="UTF-8"/>
    <property name="java.library.path" value="/Users/amilus/Library/Java/Extensions:/Library/Java/Extensions:/Network/Library/Java/Extensions:/System/Library/Java/Extensions:/usr/lib/java:."/>
    <property name="java.vm.info" value="mixed mode, sharing"/>
    <property name="java.vendor" value="Azul Systems, Inc."/>
    <property name="java.vm.version" value="17.0.4.1+1-LTS"/>
    <property name="sun.io.unicode.encoding" value="UnicodeBig"/>
    <property name="java.class.version" value="61.0"/>
  </properties>
  <testcase name="FirstTest[CompleteYourOrder, Login with standard user verify successfully ordered, standard_user, Sauce Labs Backpack, Sauce Labs Bike Light](1)" classname="tests.web.OrderSuccessTest" time="8.186">
    <system-out><![CDATA[[&amp#27;[32mINFO &amp#27;[m] 2023-03-08 01:25:59,715 TestNGListener.beforeInvocation() - TestNG Before Invocation calisti..
[&amp#27;[32mINFO &amp#27;[m] 2023-03-08 01:25:59,718 TestBase.beforeSuite() - Running Before Suite.. Setting XML and FrameworkConfig values..
[&amp#27;[32mINFO &amp#27;[m] 2023-03-08 01:25:59,718 FrameworkInitialization.readBrowserConfig() - config.properties reading is successfully..
[&amp#27;[32mINFO &amp#27;[m] 2023-03-08 01:25:59,718 TestBase.initializeConfig() - TestNG XML values are initialized successfully..
[&amp#27;[32mINFO &amp#27;[m] 2023-03-08 01:25:59,719 TestBase.initializeConfig() - GRIDURL: http://localhost:4444
[&amp#27;[32mINFO &amp#27;[m] 2023-03-08 01:25:59,719 TestBase.initializeConfig() - REMOTE: false
[&amp#27;[32mINFO &amp#27;[m] 2023-03-08 01:25:59,719 TestBase.initializeConfig() - BROWSERTYPE: CHROME
[&amp#27;[32mINFO &amp#27;[m] 2023-03-08 01:25:59,719 TestBase.initializeConfig() - SUITE NAME : Ingenious SauceDemo QA Project Test Suite
[&amp#27;[32mINFO &amp#27;[m] 2023-03-08 01:25:59,719 TestBase.beforeSuite() - Before Suite ended successfully...
[&amp#27;[32mINFO &amp#27;[m] 2023-03-08 01:25:59,719 TestNGListener.afterInvocation() - TestNG After Invocation calisti..
On Test Start
[&amp#27;[32mINFO &amp#27;[m] 2023-03-08 01:25:59,728 TestNGListener.beforeInvocation() - TestNG Before Invocation calisti..
[&amp#27;[32mINFO &amp#27;[m] 2023-03-08 01:25:59,728 TestNGListener.afterInvocation() - TestNG After Invocation calisti..
[&amp#27;[32mINFO &amp#27;[m] 2023-03-08 01:25:59,948 ExcelUtil.getExcelData() - Read Data from Excel File..
[&amp#27;[32mINFO &amp#27;[m] 2023-03-08 01:25:59,951 TestNGListener.beforeInvocation() - TestNG Before Invocation calisti..
[&amp#27;[32mINFO &amp#27;[m] 2023-03-08 01:25:59,951 TestBase.beforeMethod() - Running Before Method..
[&amp#27;[32mINFO &amp#27;[m] 2023-03-08 01:25:59,952 FrameworkInitialization.readBrowserConfig() - config.properties reading is successfully..
[&amp#27;[32mINFO &amp#27;[m] 2023-03-08 01:25:59,952 FrameworkInitialization.readBrowserConfig() - chrome.properties reading is successfully..
[&amp#27;[32mINFO &amp#27;[m] 2023-03-08 01:25:59,952 FrameworkInitialization.InitializeBrowser() - Operating System: mac os x
[&amp#27;[32mINFO &amp#27;[m] 2023-03-08 01:26:07,330 FrameworkInitialization.InitializeBrowser() - Chrome driver successfully initialized in LOCAL...
[&amp#27;[32mINFO &amp#27;[m] 2023-03-08 01:26:08,820 TestBase.beforeMethod() - Driver navigate To URL: https://www.saucedemo.com
[&amp#27;[32mINFO &amp#27;[m] 2023-03-08 01:26:09,307 TestBase.beforeMethod() - Before Method ended successfully...
[&amp#27;[32mINFO &amp#27;[m] 2023-03-08 01:26:09,308 TestNGListener.afterInvocation() - TestNG After Invocation calisti..
On Test Start
[&amp#27;[32mINFO &amp#27;[m] 2023-03-08 01:26:09,309 TestNGListener.beforeInvocation() - TestNG Before Invocation calisti..
[&amp#27;[32mINFO &amp#27;[m] 2023-03-08 01:26:09,452 DriverContext.WaitForPageToLoad() - Page is ready..
[&amp#27;[32mINFO &amp#27;[m] 2023-03-08 01:26:09,454 LoginPage.setUsername() - Setting User Name: standard_user
[&amp#27;[32mINFO &amp#27;[m] 2023-03-08 01:26:10,293 LoginPage.setPassword() - Setting Password: secret_sauce
[&amp#27;[32mINFO &amp#27;[m] 2023-03-08 01:26:10,402 LoginPage.clickLogin() - Clicking Login button..
[&amp#27;[32mINFO &amp#27;[m] 2023-03-08 01:26:12,838 InventoryPage.cartOperationForItemNameDynamically() - Finding item and clicking ADD button for cart..
[&amp#27;[32mINFO &amp#27;[m] 2023-03-08 01:26:13,210 InventoryPage.cartOperationForItemNameDynamically() - Finding item and clicking ADD button for cart..
[&amp#27;[32mINFO &amp#27;[m] 2023-03-08 01:26:13,422 InventoryPage.clickGotoCart() - Clicking Go to cart button..
[&amp#27;[32mINFO &amp#27;[m] 2023-03-08 01:26:13,875 InventoryPage.cartOperationForItemNameDynamically() - Finding item and clicking REMOVE button for cart..
[&amp#27;[32mINFO &amp#27;[m] 2023-03-08 01:26:14,019 CartPage.getCartItemPrice() - Getting text of cart item price..
[&amp#27;[32mINFO &amp#27;[m] 2023-03-08 01:26:14,107 CartPage.clickCheckout() - Clicking Checkout button..
[&amp#27;[32mINFO &amp#27;[m] 2023-03-08 01:26:14,541 CheckoutStepOnePage.verifyCheckoutStepOnePageUrl() - Getting Checkout Step One page url for verification..
[&amp#27;[32mINFO &amp#27;[m] 2023-03-08 01:26:14,553 DriverContext.WaitForPageToLoad() - Page is ready..
[&amp#27;[32mINFO &amp#27;[m] 2023-03-08 01:26:14,553 CheckoutStepOnePage.setFirstName() - Setting First Name: John
[&amp#27;[32mINFO &amp#27;[m] 2023-03-08 01:26:14,974 CheckoutStepOnePage.setLastName() - Setting Last Name: Doe
[&amp#27;[32mINFO &amp#27;[m] 2023-03-08 01:26:15,166 CheckoutStepOnePage.setPostalCode() - Setting Postal Code: 12345
[&amp#27;[32mINFO &amp#27;[m] 2023-03-08 01:26:16,806 CheckoutStepOnePage.clickContinue() - Clicking Continue button..
[&amp#27;[32mINFO &amp#27;[m] 2023-03-08 01:26:17,319 CheckoutStepTwoPage.verifyCheckoutStepTwoPageUrl() - Getting Checkout Step Two page url for verification..
[&amp#27;[32mINFO &amp#27;[m] 2023-03-08 01:26:17,331 CheckoutStepTwoPage.getSummarySubTotal() - Getting summary sub total price..
[&amp#27;[32mINFO &amp#27;[m] 2023-03-08 01:26:17,362 CheckoutStepTwoPage.clickFinish() - Clicking Finish button..
[&amp#27;[32mINFO &amp#27;[m] 2023-03-08 01:26:17,440 CheckoutCompletePage.getCheckoutCompleteHeaderText() - Getting Checkout complete page header text for verification..
[&amp#27;[32mINFO &amp#27;[m] 2023-03-08 01:26:17,459 CheckoutCompletePage.getCheckoutCompleteTitle() - Getting Checkout complete page title text for verification..
[&amp#27;[32mINFO &amp#27;[m] 2023-03-08 01:26:17,476 CheckoutCompletePage.getCheckoutCompleteText() - Getting Checkout complete page text for verification..
[&amp#27;[32mINFO &amp#27;[m] 2023-03-08 01:26:17,493 TestNGListener.afterInvocation() - TestNG After Invocation calisti..
On Test Sucess
]]></system-out>
    <system-err><![CDATA[SLF4J: Failed to load class "org.slf4j.impl.StaticLoggerBinder".
SLF4J: Defaulting to no-operation (NOP) logger implementation
SLF4J: See http://www.slf4j.org/codes.html#StaticLoggerBinder for further details.
Starting ChromeDriver 110.0.5481.77 (65ed616c6e8ee3fe0ad64fe83796c020644d42af-refs/branch-heads/5481@{#839}) on port 19031
Only local connections are allowed.
Please see https://chromedriver.chromium.org/security-considerations for suggestions on keeping ChromeDriver safe.
ChromeDriver was started successfully.
[1678227966.935][WARNING]: virtual void DevToolsClientImpl::AddListener(DevToolsEventListener *) subscribing a listener to the already connected DevToolsClient. Connection notification will not arrive.
Mar 08, 2023 1:26:07 AM org.openqa.selenium.devtools.CdpVersionFinder findNearestMatch
WARNING: Unable to find an exact match for CDP version 110, so returning the closest version found: 109
]]></system-err>
  </testcase>
  <testcase name="sortingTest[SortByProductName, Login with standard user and sort items with their name, standard_user, Name (A to Z)](1)" classname="tests.web.SortingTests" time="3.525">
    <system-out><![CDATA[[&amp#27;[32mINFO &amp#27;[m] 2023-03-08 01:26:17,494 TestNGListener.beforeInvocation() - TestNG Before Invocation calisti..
[&amp#27;[32mINFO &amp#27;[m] 2023-03-08 01:26:17,494 TestBase.afterMethod() - Running After Method.. Preparing reports..
[&amp#27;[32mINFO &amp#27;[m] 2023-03-08 01:26:17,622 TestBase.afterMethod() - Successfully quit Webdriver..
[&amp#27;[32mINFO &amp#27;[m] 2023-03-08 01:26:17,622 TestBase.afterMethod() - Report is prepared and ready to check results..
[&amp#27;[32mINFO &amp#27;[m] 2023-03-08 01:26:17,622 TestNGListener.afterInvocation() - TestNG After Invocation calisti..
On Test Finish
On Test Start
[&amp#27;[32mINFO &amp#27;[m] 2023-03-08 01:26:17,737 TestNGListener.beforeInvocation() - TestNG Before Invocation calisti..
[&amp#27;[32mINFO &amp#27;[m] 2023-03-08 01:26:17,737 TestNGListener.afterInvocation() - TestNG After Invocation calisti..
[&amp#27;[32mINFO &amp#27;[m] 2023-03-08 01:26:17,752 ExcelUtil.getExcelData() - Read Data from Excel File..
[&amp#27;[32mINFO &amp#27;[m] 2023-03-08 01:26:17,753 TestNGListener.beforeInvocation() - TestNG Before Invocation calisti..
[&amp#27;[32mINFO &amp#27;[m] 2023-03-08 01:26:17,753 TestBase.beforeMethod() - Running Before Method..
[&amp#27;[32mINFO &amp#27;[m] 2023-03-08 01:26:17,753 FrameworkInitialization.readBrowserConfig() - config.properties reading is successfully..
[&amp#27;[32mINFO &amp#27;[m] 2023-03-08 01:26:17,754 FrameworkInitialization.readBrowserConfig() - chrome.properties reading is successfully..
[&amp#27;[32mINFO &amp#27;[m] 2023-03-08 01:26:17,754 FrameworkInitialization.InitializeBrowser() - Operating System: mac os x
[&amp#27;[32mINFO &amp#27;[m] 2023-03-08 01:26:22,284 FrameworkInitialization.InitializeBrowser() - Chrome driver successfully initialized in LOCAL...
[&amp#27;[32mINFO &amp#27;[m] 2023-03-08 01:26:23,756 TestBase.beforeMethod() - Driver navigate To URL: https://www.saucedemo.com
[&amp#27;[32mINFO &amp#27;[m] 2023-03-08 01:26:24,221 TestBase.beforeMethod() - Before Method ended successfully...
[&amp#27;[32mINFO &amp#27;[m] 2023-03-08 01:26:24,222 TestNGListener.afterInvocation() - TestNG After Invocation calisti..
On Test Start
[&amp#27;[32mINFO &amp#27;[m] 2023-03-08 01:26:24,222 TestNGListener.beforeInvocation() - TestNG Before Invocation calisti..
[&amp#27;[32mINFO &amp#27;[m] 2023-03-08 01:26:24,254 DriverContext.WaitForPageToLoad() - Page is ready..
[&amp#27;[32mINFO &amp#27;[m] 2023-03-08 01:26:24,255 LoginPage.setUsername() - Setting User Name: standard_user
[&amp#27;[32mINFO &amp#27;[m] 2023-03-08 01:26:25,053 LoginPage.setPassword() - Setting Password: secret_sauce
[&amp#27;[32mINFO &amp#27;[m] 2023-03-08 01:26:25,175 LoginPage.clickLogin() - Clicking Login button..
[&amp#27;[32mINFO &amp#27;[m] 2023-03-08 01:26:27,409 InventoryPage.selectSortType() - Finding sorting select options..
[&amp#27;[32mINFO &amp#27;[m] 2023-03-08 01:26:27,747 TestNGListener.afterInvocation() - TestNG After Invocation calisti..
On Test Sucess
]]></system-out>
    <system-err><![CDATA[Starting ChromeDriver 110.0.5481.77 (65ed616c6e8ee3fe0ad64fe83796c020644d42af-refs/branch-heads/5481@{#839}) on port 41454
Only local connections are allowed.
Please see https://chromedriver.chromium.org/security-considerations for suggestions on keeping ChromeDriver safe.
ChromeDriver was started successfully.
[1678227982.061][WARNING]: virtual void DevToolsClientImpl::AddListener(DevToolsEventListener *) subscribing a listener to the already connected DevToolsClient. Connection notification will not arrive.
Mar 08, 2023 1:26:22 AM org.openqa.selenium.devtools.CdpVersionFinder findNearestMatch
WARNING: Unable to find an exact match for CDP version 110, so returning the closest version found: 109
]]></system-err>
  </testcase>
  <testcase name="sortingTest[SortByProductPrice, Login with standard user and sort items with their price, standard_user, Price (low to high)](2)" classname="tests.web.SortingTests" time="4.105">
    <system-out><![CDATA[[&amp#27;[32mINFO &amp#27;[m] 2023-03-08 01:26:27,748 TestNGListener.beforeInvocation() - TestNG Before Invocation calisti..
[&amp#27;[32mINFO &amp#27;[m] 2023-03-08 01:26:27,748 TestBase.afterMethod() - Running After Method.. Preparing reports..
[&amp#27;[32mINFO &amp#27;[m] 2023-03-08 01:26:27,870 TestBase.afterMethod() - Successfully quit Webdriver..
[&amp#27;[32mINFO &amp#27;[m] 2023-03-08 01:26:27,870 TestBase.afterMethod() - Report is prepared and ready to check results..
[&amp#27;[32mINFO &amp#27;[m] 2023-03-08 01:26:27,870 TestNGListener.afterInvocation() - TestNG After Invocation calisti..
[&amp#27;[32mINFO &amp#27;[m] 2023-03-08 01:26:27,871 TestNGListener.beforeInvocation() - TestNG Before Invocation calisti..
[&amp#27;[32mINFO &amp#27;[m] 2023-03-08 01:26:27,871 TestBase.beforeMethod() - Running Before Method..
[&amp#27;[32mINFO &amp#27;[m] 2023-03-08 01:26:27,872 FrameworkInitialization.readBrowserConfig() - config.properties reading is successfully..
[&amp#27;[32mINFO &amp#27;[m] 2023-03-08 01:26:27,872 FrameworkInitialization.readBrowserConfig() - chrome.properties reading is successfully..
[&amp#27;[32mINFO &amp#27;[m] 2023-03-08 01:26:27,872 FrameworkInitialization.InitializeBrowser() - Operating System: mac os x
[&amp#27;[32mINFO &amp#27;[m] 2023-03-08 01:26:32,406 FrameworkInitialization.InitializeBrowser() - Chrome driver successfully initialized in LOCAL...
[&amp#27;[32mINFO &amp#27;[m] 2023-03-08 01:26:33,918 TestBase.beforeMethod() - Driver navigate To URL: https://www.saucedemo.com
[&amp#27;[32mINFO &amp#27;[m] 2023-03-08 01:26:34,381 TestBase.beforeMethod() - Before Method ended successfully...
[&amp#27;[32mINFO &amp#27;[m] 2023-03-08 01:26:34,381 TestNGListener.afterInvocation() - TestNG After Invocation calisti..
On Test Start
[&amp#27;[32mINFO &amp#27;[m] 2023-03-08 01:26:34,381 TestNGListener.beforeInvocation() - TestNG Before Invocation calisti..
[&amp#27;[32mINFO &amp#27;[m] 2023-03-08 01:26:34,407 DriverContext.WaitForPageToLoad() - Page is ready..
[&amp#27;[32mINFO &amp#27;[m] 2023-03-08 01:26:34,407 LoginPage.setUsername() - Setting User Name: standard_user
[&amp#27;[32mINFO &amp#27;[m] 2023-03-08 01:26:35,290 LoginPage.setPassword() - Setting Password: secret_sauce
[&amp#27;[32mINFO &amp#27;[m] 2023-03-08 01:26:35,436 LoginPage.clickLogin() - Clicking Login button..
[&amp#27;[32mINFO &amp#27;[m] 2023-03-08 01:26:37,747 InventoryPage.selectSortType() - Finding sorting select options..
[&amp#27;[32mINFO &amp#27;[m] 2023-03-08 01:26:38,485 TestNGListener.afterInvocation() - TestNG After Invocation calisti..
On Test Sucess
]]></system-out>
    <system-err><![CDATA[Starting ChromeDriver 110.0.5481.77 (65ed616c6e8ee3fe0ad64fe83796c020644d42af-refs/branch-heads/5481@{#839}) on port 3491
Only local connections are allowed.
Please see https://chromedriver.chromium.org/security-considerations for suggestions on keeping ChromeDriver safe.
ChromeDriver was started successfully.
[1678227992.134][WARNING]: virtual void DevToolsClientImpl::AddListener(DevToolsEventListener *) subscribing a listener to the already connected DevToolsClient. Connection notification will not arrive.
Mar 08, 2023 1:26:32 AM org.openqa.selenium.devtools.CdpVersionFinder findNearestMatch
WARNING: Unable to find an exact match for CDP version 110, so returning the closest version found: 109
]]></system-err>
  </testcase>
  <testcase name="sortingTest[LockedOutUserTest, Login with locked out user to check validation will fail, locked_out_user](1)" classname="tests.web.LockedOutUserTest" time="2.936">
    <failure message="Verification of Inventory page expected [true] but found [false]" type="java.lang.AssertionError"><![CDATA[java.lang.AssertionError: Verification of Inventory page expected [true] but found [false]
	at org.testng.Assert.fail(Assert.java:110)
	at org.testng.Assert.failNotEquals(Assert.java:1577)
	at org.testng.Assert.assertTrue(Assert.java:56)
	at tests.web.LockedOutUserTest.sortingTest(LockedOutUserTest.java:21)
	at java.base/jdk.internal.reflect.NativeMethodAccessorImpl.invoke0(Native Method)
	at java.base/jdk.internal.reflect.NativeMethodAccessorImpl.invoke(NativeMethodAccessorImpl.java:77)
	at java.base/jdk.internal.reflect.DelegatingMethodAccessorImpl.invoke(DelegatingMethodAccessorImpl.java:43)
	at java.base/java.lang.reflect.Method.invoke(Method.java:568)
	at org.testng.internal.invokers.MethodInvocationHelper.invokeMethod(MethodInvocationHelper.java:139)
	at org.testng.internal.invokers.TestInvoker.invokeMethod(TestInvoker.java:677)
	at org.testng.internal.invokers.TestInvoker.invokeTestMethod(TestInvoker.java:221)
	at org.testng.internal.invokers.MethodRunner.runInSequence(MethodRunner.java:50)
	at org.testng.internal.invokers.TestInvoker$MethodInvocationAgent.invoke(TestInvoker.java:969)
	at org.testng.internal.invokers.TestInvoker.invokeTestMethods(TestInvoker.java:194)
	at org.testng.internal.invokers.TestMethodWorker.invokeTestMethods(TestMethodWorker.java:148)
	at org.testng.internal.invokers.TestMethodWorker.run(TestMethodWorker.java:128)
	at java.base/java.util.ArrayList.forEach(ArrayList.java:1511)
	at org.testng.TestRunner.privateRun(TestRunner.java:829)
	at org.testng.TestRunner.run(TestRunner.java:602)
	at org.testng.SuiteRunner.runTest(SuiteRunner.java:437)
	at org.testng.SuiteRunner$SuiteWorker.run(SuiteRunner.java:475)
	at org.testng.internal.thread.ThreadUtil.lambda$execute$0(ThreadUtil.java:58)
	at java.base/java.util.concurrent.FutureTask.run(FutureTask.java:264)
	at java.base/java.util.concurrent.ThreadPoolExecutor.runWorker(ThreadPoolExecutor.java:1136)
	at java.base/java.util.concurrent.ThreadPoolExecutor$Worker.run(ThreadPoolExecutor.java:635)
	at java.base/java.lang.Thread.run(Thread.java:833)
]]></failure>
    <system-out><![CDATA[[&amp#27;[32mINFO &amp#27;[m] 2023-03-08 01:26:38,486 TestNGListener.beforeInvocation() - TestNG Before Invocation calisti..
[&amp#27;[32mINFO &amp#27;[m] 2023-03-08 01:26:38,486 TestBase.afterMethod() - Running After Method.. Preparing reports..
[&amp#27;[32mINFO &amp#27;[m] 2023-03-08 01:26:38,593 TestBase.afterMethod() - Successfully quit Webdriver..
[&amp#27;[32mINFO &amp#27;[m] 2023-03-08 01:26:38,593 TestBase.afterMethod() - Report is prepared and ready to check results..
[&amp#27;[32mINFO &amp#27;[m] 2023-03-08 01:26:38,593 TestNGListener.afterInvocation() - TestNG After Invocation calisti..
On Test Finish
On Test Start
[&amp#27;[32mINFO &amp#27;[m] 2023-03-08 01:26:38,621 TestNGListener.beforeInvocation() - TestNG Before Invocation calisti..
[&amp#27;[32mINFO &amp#27;[m] 2023-03-08 01:26:38,621 TestNGListener.afterInvocation() - TestNG After Invocation calisti..
[&amp#27;[32mINFO &amp#27;[m] 2023-03-08 01:26:38,634 ExcelUtil.getExcelData() - Read Data from Excel File..
[&amp#27;[32mINFO &amp#27;[m] 2023-03-08 01:26:38,634 TestNGListener.beforeInvocation() - TestNG Before Invocation calisti..
[&amp#27;[32mINFO &amp#27;[m] 2023-03-08 01:26:38,635 TestBase.beforeMethod() - Running Before Method..
[&amp#27;[32mINFO &amp#27;[m] 2023-03-08 01:26:38,635 FrameworkInitialization.readBrowserConfig() - config.properties reading is successfully..
[&amp#27;[32mINFO &amp#27;[m] 2023-03-08 01:26:38,635 FrameworkInitialization.readBrowserConfig() - chrome.properties reading is successfully..
[&amp#27;[32mINFO &amp#27;[m] 2023-03-08 01:26:38,635 FrameworkInitialization.InitializeBrowser() - Operating System: mac os x
[&amp#27;[32mINFO &amp#27;[m] 2023-03-08 01:26:43,109 FrameworkInitialization.InitializeBrowser() - Chrome driver successfully initialized in LOCAL...
[&amp#27;[32mINFO &amp#27;[m] 2023-03-08 01:26:44,276 TestBase.beforeMethod() - Driver navigate To URL: https://www.saucedemo.com
[&amp#27;[32mINFO &amp#27;[m] 2023-03-08 01:26:44,750 TestBase.beforeMethod() - Before Method ended successfully...
[&amp#27;[32mINFO &amp#27;[m] 2023-03-08 01:26:44,750 TestNGListener.afterInvocation() - TestNG After Invocation calisti..
On Test Start
[&amp#27;[32mINFO &amp#27;[m] 2023-03-08 01:26:44,751 TestNGListener.beforeInvocation() - TestNG Before Invocation calisti..
[&amp#27;[32mINFO &amp#27;[m] 2023-03-08 01:26:44,811 DriverContext.WaitForPageToLoad() - Page is ready..
[&amp#27;[32mINFO &amp#27;[m] 2023-03-08 01:26:44,811 LoginPage.setUsername() - Setting User Name: locked_out_user
[&amp#27;[32mINFO &amp#27;[m] 2023-03-08 01:26:45,684 LoginPage.setPassword() - Setting Password: secret_sauce
[&amp#27;[32mINFO &amp#27;[m] 2023-03-08 01:26:45,890 LoginPage.clickLogin() - Clicking Login button..
[&amp#27;[32mINFO &amp#27;[m] 2023-03-08 01:26:47,473 TestNGListener.afterInvocation() - TestNG After Invocation calisti..
On Test Failure
]]></system-out>
    <system-err><![CDATA[Starting ChromeDriver 110.0.5481.77 (65ed616c6e8ee3fe0ad64fe83796c020644d42af-refs/branch-heads/5481@{#839}) on port 30774
Only local connections are allowed.
Please see https://chromedriver.chromium.org/security-considerations for suggestions on keeping ChromeDriver safe.
ChromeDriver was started successfully.
[1678228002.876][WARNING]: virtual void DevToolsClientImpl::AddListener(DevToolsEventListener *) subscribing a listener to the already connected DevToolsClient. Connection notification will not arrive.
Mar 08, 2023 1:26:43 AM org.openqa.selenium.devtools.CdpVersionFinder findNearestMatch
WARNING: Unable to find an exact match for CDP version 110, so returning the closest version found: 109
]]></system-err>
  </testcase>
</testsuite>