<?xml version="1.0" encoding="UTF-8"?>
<testsuite xmlns:xsi="http://www.w3.org/2001/XMLSchema-instance" xsi:noNamespaceSchemaLocation="https://maven.apache.org/surefire/maven-surefire-plugin/xsd/surefire-test-report.xsd" name="TestSuite" time="0.216" tests="0" errors="0" skipped="0" failures="0">
  <properties>
    <property name="java.specification.version" value="19"/>
    <property name="sun.jnu.encoding" value="UTF-8"/>
    <property name="java.class.path" value="/Users/richardssaji/Desktop/restassuredcucumber-FW/target/test-classes:/Users/richardssaji/Desktop/restassuredcucumber-FW/target/classes:/Users/richardssaji/.m2/repository/io/rest-assured/rest-assured/5.3.0/rest-assured-5.3.0.jar:/Users/richardssaji/.m2/repository/org/apache/groovy/groovy/4.0.6/groovy-4.0.6.jar:/Users/richardssaji/.m2/repository/org/apache/groovy/groovy-xml/4.0.6/groovy-xml-4.0.6.jar:/Users/richardssaji/.m2/repository/org/apache/httpcomponents/httpclient/4.5.13/httpclient-4.5.13.jar:/Users/richardssaji/.m2/repository/org/apache/httpcomponents/httpcore/4.4.13/httpcore-4.4.13.jar:/Users/richardssaji/.m2/repository/commons-logging/commons-logging/1.2/commons-logging-1.2.jar:/Users/richardssaji/.m2/repository/commons-codec/commons-codec/1.11/commons-codec-1.11.jar:/Users/richardssaji/.m2/repository/org/apache/httpcomponents/httpmime/4.5.13/httpmime-4.5.13.jar:/Users/richardssaji/.m2/repository/org/hamcrest/hamcrest/2.1/hamcrest-2.1.jar:/Users/richardssaji/.m2/repository/org/ccil/cowan/tagsoup/tagsoup/1.2.1/tagsoup-1.2.1.jar:/Users/richardssaji/.m2/repository/io/rest-assured/json-path/5.3.0/json-path-5.3.0.jar:/Users/richardssaji/.m2/repository/org/apache/groovy/groovy-json/4.0.6/groovy-json-4.0.6.jar:/Users/richardssaji/.m2/repository/io/rest-assured/rest-assured-common/5.3.0/rest-assured-common-5.3.0.jar:/Users/richardssaji/.m2/repository/io/rest-assured/xml-path/5.3.0/xml-path-5.3.0.jar:/Users/richardssaji/.m2/repository/org/apache/commons/commons-lang3/3.11/commons-lang3-3.11.jar:/Users/richardssaji/.m2/repository/io/cucumber/cucumber-java/6.11.0/cucumber-java-6.11.0.jar:/Users/richardssaji/.m2/repository/io/cucumber/cucumber-core/6.11.0/cucumber-core-6.11.0.jar:/Users/richardssaji/.m2/repository/io/cucumber/cucumber-gherkin/6.11.0/cucumber-gherkin-6.11.0.jar:/Users/richardssaji/.m2/repository/io/cucumber/cucumber-gherkin-messages/6.11.0/cucumber-gherkin-messages-6.11.0.jar:/Users/richardssaji/.m2/repository/io/cucumber/messages/15.0.0/messages-15.0.0.jar:/Users/richardssaji/.m2/repository/io/cucumber/tag-expressions/3.0.1/tag-expressions-3.0.1.jar:/Users/richardssaji/.m2/repository/io/cucumber/cucumber-expressions/10.3.0/cucumber-expressions-10.3.0.jar:/Users/richardssaji/.m2/repository/io/cucumber/datatable/3.5.0/datatable-3.5.0.jar:/Users/richardssaji/.m2/repository/io/cucumber/cucumber-plugin/6.11.0/cucumber-plugin-6.11.0.jar:/Users/richardssaji/.m2/repository/io/cucumber/docstring/6.11.0/docstring-6.11.0.jar:/Users/richardssaji/.m2/repository/io/cucumber/html-formatter/13.0.0/html-formatter-13.0.0.jar:/Users/richardssaji/.m2/repository/io/cucumber/create-meta/4.0.0/create-meta-4.0.0.jar:/Users/richardssaji/.m2/repository/org/apiguardian/apiguardian-api/1.1.2/apiguardian-api-1.1.2.jar:/Users/richardssaji/.m2/repository/io/cucumber/cucumber-junit/6.11.0/cucumber-junit-6.11.0.jar:/Users/richardssaji/.m2/repository/junit/junit/4.13.2/junit-4.13.2.jar:/Users/richardssaji/.m2/repository/org/hamcrest/hamcrest-core/1.3/hamcrest-core-1.3.jar:/Users/richardssaji/.m2/repository/org/testng/testng/7.1.0/testng-7.1.0.jar:/Users/richardssaji/.m2/repository/com/beust/jcommander/1.72/jcommander-1.72.jar:/Users/richardssaji/.m2/repository/com/google/inject/guice/4.1.0/guice-4.1.0-no_aop.jar:/Users/richardssaji/.m2/repository/javax/inject/javax.inject/1/javax.inject-1.jar:/Users/richardssaji/.m2/repository/aopalliance/aopalliance/1.0/aopalliance-1.0.jar:/Users/richardssaji/.m2/repository/com/google/guava/guava/19.0/guava-19.0.jar:/Users/richardssaji/.m2/repository/org/yaml/snakeyaml/1.21/snakeyaml-1.21.jar:"/>
    <property name="java.vm.vendor" value="Oracle Corporation"/>
    <property name="sun.arch.data.model" value="64"/>
    <property name="java.vendor.url" value="https://java.oracle.com/"/>
    <property name="os.name" value="Mac OS X"/>
    <property name="java.vm.specification.version" value="19"/>
    <property name="sun.java.launcher" value="SUN_STANDARD"/>
    <property name="user.country" value="DE"/>
    <property name="sun.boot.library.path" value="/Users/richardssaji/Library/Java/JavaVirtualMachines/openjdk-19.0.1/Contents/Home/lib"/>
    <property name="sun.java.command" value="/Users/richardssaji/Desktop/restassuredcucumber-FW/target/surefire/surefirebooter7157586335604740359.jar /Users/richardssaji/Desktop/restassuredcucumber-FW/target/surefire 2023-01-20T02-36-03_917-jvmRun1 surefire14783340411993845327tmp surefire_0723280018630632335tmp"/>
    <property name="http.nonProxyHosts" value="local|*.local|169.254/16|*.169.254/16"/>
    <property name="jdk.debug" value="release"/>
    <property name="surefire.test.class.path" value="/Users/richardssaji/Desktop/restassuredcucumber-FW/target/test-classes:/Users/richardssaji/Desktop/restassuredcucumber-FW/target/classes:/Users/richardssaji/.m2/repository/io/rest-assured/rest-assured/5.3.0/rest-assured-5.3.0.jar:/Users/richardssaji/.m2/repository/org/apache/groovy/groovy/4.0.6/groovy-4.0.6.jar:/Users/richardssaji/.m2/repository/org/apache/groovy/groovy-xml/4.0.6/groovy-xml-4.0.6.jar:/Users/richardssaji/.m2/repository/org/apache/httpcomponents/httpclient/4.5.13/httpclient-4.5.13.jar:/Users/richardssaji/.m2/repository/org/apache/httpcomponents/httpcore/4.4.13/httpcore-4.4.13.jar:/Users/richardssaji/.m2/repository/commons-logging/commons-logging/1.2/commons-logging-1.2.jar:/Users/richardssaji/.m2/repository/commons-codec/commons-codec/1.11/commons-codec-1.11.jar:/Users/richardssaji/.m2/repository/org/apache/httpcomponents/httpmime/4.5.13/httpmime-4.5.13.jar:/Users/richardssaji/.m2/repository/org/hamcrest/hamcrest/2.1/hamcrest-2.1.jar:/Users/richardssaji/.m2/repository/org/ccil/cowan/tagsoup/tagsoup/1.2.1/tagsoup-1.2.1.jar:/Users/richardssaji/.m2/repository/io/rest-assured/json-path/5.3.0/json-path-5.3.0.jar:/Users/richardssaji/.m2/repository/org/apache/groovy/groovy-json/4.0.6/groovy-json-4.0.6.jar:/Users/richardssaji/.m2/repository/io/rest-assured/rest-assured-common/5.3.0/rest-assured-common-5.3.0.jar:/Users/richardssaji/.m2/repository/io/rest-assured/xml-path/5.3.0/xml-path-5.3.0.jar:/Users/richardssaji/.m2/repository/org/apache/commons/commons-lang3/3.11/commons-lang3-3.11.jar:/Users/richardssaji/.m2/repository/io/cucumber/cucumber-java/6.11.0/cucumber-java-6.11.0.jar:/Users/richardssaji/.m2/repository/io/cucumber/cucumber-core/6.11.0/cucumber-core-6.11.0.jar:/Users/richardssaji/.m2/repository/io/cucumber/cucumber-gherkin/6.11.0/cucumber-gherkin-6.11.0.jar:/Users/richardssaji/.m2/repository/io/cucumber/cucumber-gherkin-messages/6.11.0/cucumber-gherkin-messages-6.11.0.jar:/Users/richardssaji/.m2/repository/io/cucumber/messages/15.0.0/messages-15.0.0.jar:/Users/richardssaji/.m2/repository/io/cucumber/tag-expressions/3.0.1/tag-expressions-3.0.1.jar:/Users/richardssaji/.m2/repository/io/cucumber/cucumber-expressions/10.3.0/cucumber-expressions-10.3.0.jar:/Users/richardssaji/.m2/repository/io/cucumber/datatable/3.5.0/datatable-3.5.0.jar:/Users/richardssaji/.m2/repository/io/cucumber/cucumber-plugin/6.11.0/cucumber-plugin-6.11.0.jar:/Users/richardssaji/.m2/repository/io/cucumber/docstring/6.11.0/docstring-6.11.0.jar:/Users/richardssaji/.m2/repository/io/cucumber/html-formatter/13.0.0/html-formatter-13.0.0.jar:/Users/richardssaji/.m2/repository/io/cucumber/create-meta/4.0.0/create-meta-4.0.0.jar:/Users/richardssaji/.m2/repository/org/apiguardian/apiguardian-api/1.1.2/apiguardian-api-1.1.2.jar:/Users/richardssaji/.m2/repository/io/cucumber/cucumber-junit/6.11.0/cucumber-junit-6.11.0.jar:/Users/richardssaji/.m2/repository/junit/junit/4.13.2/junit-4.13.2.jar:/Users/richardssaji/.m2/repository/org/hamcrest/hamcrest-core/1.3/hamcrest-core-1.3.jar:/Users/richardssaji/.m2/repository/org/testng/testng/7.1.0/testng-7.1.0.jar:/Users/richardssaji/.m2/repository/com/beust/jcommander/1.72/jcommander-1.72.jar:/Users/richardssaji/.m2/repository/com/google/inject/guice/4.1.0/guice-4.1.0-no_aop.jar:/Users/richardssaji/.m2/repository/javax/inject/javax.inject/1/javax.inject-1.jar:/Users/richardssaji/.m2/repository/aopalliance/aopalliance/1.0/aopalliance-1.0.jar:/Users/richardssaji/.m2/repository/com/google/guava/guava/19.0/guava-19.0.jar:/Users/richardssaji/.m2/repository/org/yaml/snakeyaml/1.21/snakeyaml-1.21.jar:"/>
    <property name="sun.cpu.endian" value="little"/>
    <property name="user.home" value="/Users/richardssaji"/>
    <property name="user.language" value="en"/>
    <property name="java.specification.vendor" value="Oracle Corporation"/>
    <property name="java.version.date" value="2022-10-18"/>
    <property name="java.home" value="/Users/richardssaji/Library/Java/JavaVirtualMachines/openjdk-19.0.1/Contents/Home"/>
    <property name="file.separator" value="/"/>
    <property name="basedir" value="/Users/richardssaji/Desktop/restassuredcucumber-FW"/>
    <property name="java.vm.compressedOopsMode" value="Zero based"/>
    <property name="line.separator" value="&#10;"/>
    <property name="java.vm.specification.vendor" value="Oracle Corporation"/>
    <property name="java.specification.name" value="Java Platform API Specification"/>
    <property name="apple.awt.application.name" value="ForkedBooter"/>
    <property name="surefire.real.class.path" value="/Users/richardssaji/Desktop/restassuredcucumber-FW/target/surefire/surefirebooter7157586335604740359.jar"/>
    <property name="sun.management.compiler" value="HotSpot 64-Bit Tiered Compilers"/>
    <property name="ftp.nonProxyHosts" value="local|*.local|169.254/16|*.169.254/16"/>
    <property name="java.runtime.version" value="19.0.1+10-21"/>
    <property name="user.name" value="richardssaji"/>
    <property name="stdout.encoding" value="US-ASCII"/>
    <property name="path.separator" value=":"/>
    <property name="os.version" value="13.0.1"/>
    <property name="java.runtime.name" value="OpenJDK Runtime Environment"/>
    <property name="file.encoding" value="UTF-8"/>
    <property name="java.vm.name" value="OpenJDK 64-Bit Server VM"/>
    <property name="localRepository" value="/Users/richardssaji/.m2/repository"/>
    <property name="java.vendor.url.bug" value="https://bugreport.java.com/bugreport/"/>
    <property name="java.io.tmpdir" value="/var/folders/1y/82zq343n6p56kdy6ttbj49p80000gp/T/"/>
    <property name="idea.version" value="2022.3.1"/>
    <property name="java.version" value="19.0.1"/>
    <property name="user.dir" value="/Users/richardssaji/Desktop/restassuredcucumber-FW"/>
    <property name="os.arch" value="aarch64"/>
    <property name="java.vm.specification.name" value="Java Virtual Machine Specification"/>
    <property name="native.encoding" value="US-ASCII"/>
    <property name="java.library.path" value="/Users/richardssaji/Library/Java/Extensions:/Library/Java/Extensions:/Network/Library/Java/Extensions:/System/Library/Java/Extensions:/usr/lib/java:."/>
    <property name="java.vm.info" value="mixed mode, sharing"/>
    <property name="stderr.encoding" value="US-ASCII"/>
    <property name="java.vendor" value="Oracle Corporation"/>
    <property name="java.vm.version" value="19.0.1+10-21"/>
    <property name="sun.io.unicode.encoding" value="UnicodeBig"/>
    <property name="socksNonProxyHosts" value="local|*.local|169.254/16|*.169.254/16"/>
    <property name="java.class.version" value="63.0"/>
  </properties>
</testsuite>