<?xml version="1.0" encoding="UTF-8"?>
<!-- Generated by org.testng.reporters.JUnitReportReporter -->
<testsuite hostname="C12938" failures="0" tests="1" name="tests.web.OrderSuccessTest" time="17.667" errors="0" timestamp="2023-03-08T01:26:47 TRT" skipped="0">
  <testcase classname="tests.web.OrderSuccessTest" name="FirstTest" time="17.667"/>
  <system-out/>
</testsuite> <!-- tests.web.OrderSuccessTest -->
