<?xml version="1.0" encoding="UTF-8"?>
<!-- Generated by org.testng.reporters.JUnitReportReporter -->
<testsuite hostname="C12938" failures="0" tests="2" name="tests.web.SortingTests" time="20.837" errors="0" timestamp="2023-03-08T01:26:47 TRT" skipped="0">
  <testcase classname="tests.web.SortingTests" name="sortingTest" time="10.101"/>
  <system-out/>
  <testcase classname="tests.web.SortingTests" name="sortingTest" time="10.736"/>
  <system-out/>
</testsuite> <!-- tests.web.SortingTests -->
